d:\__develop\engine\bin\debug-x64\engine\vc141.pdb
d:\__develop\engine\bin\debug-x64\engine\vc141.idb
d:\__develop\engine\bin\debug-x64\engine\math.obj
d:\__develop\engine\bin\debug-x64\engine\engine.lib
d:\__develop\engine\bin\debug-x64\engine\engine.exp
d:\__develop\engine\bin\debug-x64\engine\engine.pdb
d:\__develop\engine\bin\debug-x64\engine\engine.tlog\cl.command.1.tlog
d:\__develop\engine\bin\debug-x64\engine\engine.tlog\cl.read.1.tlog
d:\__develop\engine\bin\debug-x64\engine\engine.tlog\cl.write.1.tlog
d:\__develop\engine\bin\debug-x64\engine\engine.tlog\engine.write.1u.tlog
d:\__develop\engine\bin\debug-x64\engine\engine.tlog\link-cvtres.read.1.tlog
d:\__develop\engine\bin\debug-x64\engine\engine.tlog\link-cvtres.write.1.tlog
d:\__develop\engine\bin\debug-x64\engine\engine.tlog\link-rc.read.1.tlog
d:\__develop\engine\bin\debug-x64\engine\engine.tlog\link-rc.write.1.tlog
d:\__develop\engine\bin\debug-x64\engine\engine.tlog\link.13512-cvtres.read.1.tlog
d:\__develop\engine\bin\debug-x64\engine\engine.tlog\link.13512-cvtres.write.1.tlog
d:\__develop\engine\bin\debug-x64\engine\engine.tlog\link.13512-rc.read.1.tlog
d:\__develop\engine\bin\debug-x64\engine\engine.tlog\link.13512-rc.write.1.tlog
d:\__develop\engine\bin\debug-x64\engine\engine.tlog\link.13512.read.1.tlog
d:\__develop\engine\bin\debug-x64\engine\engine.tlog\link.13512.write.1.tlog
d:\__develop\engine\bin\debug-x64\engine\engine.tlog\link.6208.delete.1.tlog
d:\__develop\engine\bin\debug-x64\engine\engine.tlog\link.8960.delete.1.tlog
d:\__develop\engine\bin\debug-x64\engine\engine.tlog\link.command.1.tlog
d:\__develop\engine\bin\debug-x64\engine\engine.tlog\link.read.1.tlog
d:\__develop\engine\bin\debug-x64\engine\engine.tlog\link.write.1.tlog
